<?xml version="1.0" encoding="UTF-8"?>
<!-- Generated by org.testng.reporters.JUnitReportReporter -->
<testsuite skipped="0" hostname="MLCWN29K41" name="runners.PositiveTest" tests="1" failures="0" timestamp="2022-01-07T09:27:26 EST" time="26.017" errors="0">
  <testcase name="runScenario" time="26.017" classname="runners.PositiveTest"/>
  <system-out/>
</testsuite> <!-- runners.PositiveTest -->
